2025-08-09 19:33:07,019 INFO: 充电配置为三阶段恒流充电协议，soc分为0.30, 0.27, 0.23,电流分为6.00, 5.00, 3.00...
2025-08-09 19:33:07,200 INFO: 计算得到各阶段的充电时间为, 阶段1: 15.00 分钟, 阶段2: 16.20 分钟, 阶段3: 23.00 分钟...
2025-08-09 19:33:57,462 INFO: 充电配置为三阶段恒流充电协议，soc分为0.30, 0.27, 0.23,电流分为6.00, 5.00, 3.00...
2025-08-09 19:34:02,062 INFO: 计算得到各阶段的充电时间为, 阶段1: 15.00 分钟, 阶段2: 16.20 分钟, 阶段3: 23.00 分钟...
2025-08-09 23:39:05,040 INFO: 充电配置为三阶段恒流充电协议，soc分为0.30, 0.27, 0.23,电流分为6.00, 5.00, 3.00...
2025-08-09 23:39:05,215 INFO: 计算得到各阶段的充电时间为, 阶段1: 15.00 分钟, 阶段2: 16.20 分钟, 阶段3: 23.00 分钟...
2025-08-09 23:39:06,453 INFO: 电池容量为5.0Ah
2025-08-09 23:39:06,480 INFO: 最终指标为, 充电时间: 3 分钟, 温升: 6.33 度, 消耗寿命: 1.12 %...
2025-08-09 23:39:06,481 INFO: 程序运行时间：1.4412 秒
2025-08-09 23:39:47,985 INFO: 充电配置为三阶段恒流充电协议，soc分为0.30, 0.27, 0.23,电流分为6.00, 5.00, 3.00...
2025-08-09 23:39:48,160 INFO: 计算得到各阶段的充电时间为, 阶段1: 15.00 分钟, 阶段2: 16.20 分钟, 阶段3: 23.00 分钟...
2025-08-09 23:39:49,352 INFO: 电池容量为5.0Ah
2025-08-09 23:39:49,352 INFO: 最终指标为, 充电时间: 3 分钟, 温升: 6.33 度, 消耗寿命: 1.12 %...
2025-08-09 23:39:49,352 INFO: 程序运行时间：1.3666 秒
2025-08-09 23:46:40,325 INFO: 充电配置为三阶段恒流充电协议，soc分为0.30, 0.27, 0.23,电流分为6.00, 5.00, 3.00...
2025-08-09 23:46:40,495 INFO: 计算得到各阶段的充电时间为, 阶段1: 15.00 分钟, 阶段2: 16.20 分钟, 阶段3: 23.00 分钟...
2025-08-09 23:46:41,969 INFO: 电池容量为5.0Ah
2025-08-09 23:46:41,969 INFO: 最终指标为, 充电时间: 3252 分钟, 温升: 6.33 度, 消耗寿命: 1.39 %...
2025-08-09 23:46:41,970 INFO: 程序运行时间：1.6445 秒
2025-08-09 23:50:41,368 INFO: 充电配置为三阶段恒流充电协议，soc分为0.30, 0.27, 0.23,电流分为6.00, 5.00, 3.00...
2025-08-09 23:50:45,376 INFO: 计算得到各阶段的充电时间为, 阶段1: 15.00 分钟, 阶段2: 16.20 分钟, 阶段3: 23.00 分钟...
2025-08-09 23:50:52,585 INFO: 电池容量为5.0Ah
2025-08-09 23:50:52,585 INFO: 最终指标为, 充电时间: 3252 分钟, 温升: 6.33 度, 消耗寿命: 1.39 %...
2025-08-09 23:52:56,854 INFO: 充电配置为三阶段恒流充电协议，soc分为0.30, 0.27, 0.23,电流分为6.00, 5.00, 3.00...
2025-08-09 23:52:57,383 INFO: 计算得到各阶段的充电时间为, 阶段1: 15.00 分钟, 阶段2: 16.20 分钟, 阶段3: 23.00 分钟...
2025-08-09 23:53:00,981 INFO: 电池容量为5.0Ah
2025-08-09 23:53:00,981 INFO: 最终指标为, 充电时间: 3252 分钟, 温升: 6.33 度, 消耗寿命: 1.40 %...
2025-08-10 00:09:50,607 INFO: 充电配置为三阶段恒流充电协议，soc分为0.30, 0.27, 0.23,电流分为6.00, 5.00, 3.00...
2025-08-10 00:09:51,136 INFO: 计算得到各阶段的充电时间为, 阶段1: 15.00 分钟, 阶段2: 16.20 分钟, 阶段3: 23.00 分钟...
2025-08-10 00:20:12,731 INFO: 电池容量为5.0Ah
2025-08-10 00:20:12,732 INFO: 最终指标为, 充电时间: 3252 分钟, 温升: 6.33 度, 消耗寿命: 1.40 %...
2025-08-10 00:20:12,732 INFO: 程序运行时间：622.1246 秒
